# JRE version: OpenJDK Runtime Environment Temurin-17.0.2+8 (17.0.2+8) (build 17.0.2+8)
# Java VM: OpenJDK 64-Bit Server VM Temurin-17.0.2+8 (17.0.2+8, mixed mode, emulated-client, tiered, compressed oops, compressed class ptrs, g1 gc, windows-amd64)
GC Precious Log:
 CPUs: 16 total, 16 available
 Memory: 32688M
 Large Page Support: Disabled
 NUMA Support: Disabled
 Compressed Oops: Enabled (Zero based)
 Heap Region Size: 4M
 Heap Min Capacity: 8M
 Heap Initial Capacity: 512M
 Heap Max Capacity: 8176M
 Pre-touch: Disabled
 Parallel Workers: 13
 Concurrent Workers: 3
 Concurrent Refinement Workers: 13
 Periodic GC: Disabled
Heap:
 garbage-first heap   total 110592K, used 48716K [0x0000000601000000, 0x0000000800000000)
  region size 4096K, 6 young (24576K), 2 survivors (8192K)
 Metaspace       used 81668K, committed 82240K, reserved 1122304K
  class space    used 10742K, committed 11008K, reserved 1048576K
GC Heap History (20 events):
Event: 9.537 GC heap before
{Heap before GC invocations=23 (full 1):
 garbage-first heap   total 110592K, used 84742K [0x0000000601000000, 0x0000000800000000)
  region size 4096K, 14 young (57344K), 0 survivors (0K)
 Metaspace       used 73264K, committed 73792K, reserved 1114112K
  class space    used 9762K, committed 9984K, reserved 1048576K
}
Event: 9.539 GC heap after
{Heap after GC invocations=24 (full 1):
 garbage-first heap   total 110592K, used 31494K [0x0000000601000000, 0x0000000800000000)
  region size 4096K, 1 young (4096K), 1 survivors (4096K)
 Metaspace       used 73264K, committed 73792K, reserved 1114112K
  class space    used 9762K, committed 9984K, reserved 1048576K
}
Event: 13.495 GC heap before
{Heap before GC invocations=24 (full 1):
 garbage-first heap   total 110592K, used 84742K [0x0000000601000000, 0x0000000800000000)
  region size 4096K, 14 young (57344K), 1 survivors (4096K)
 Metaspace       used 73566K, committed 74112K, reserved 1114112K
  class space    used 9805K, committed 10048K, reserved 1048576K
}
Event: 13.497 GC heap after
{Heap after GC invocations=25 (full 1):
 garbage-first heap   total 110592K, used 32700K [0x0000000601000000, 0x0000000800000000)
  region size 4096K, 2 young (8192K), 2 survivors (8192K)
 Metaspace       used 73566K, committed 74112K, reserved 1114112K
  class space    used 9805K, committed 10048K, reserved 1048576K
}
Event: 13.943 GC heap before
{Heap before GC invocations=25 (full 1):
 garbage-first heap   total 110592K, used 77756K [0x0000000601000000, 0x0000000800000000)
  region size 4096K, 14 young (57344K), 2 survivors (8192K)
 Metaspace       used 77893K, committed 78400K, reserved 1122304K
  class space    used 10298K, committed 10560K, reserved 1048576K
}
Event: 13.945 GC heap after
{Heap after GC invocations=26 (full 1):
 garbage-first heap   total 110592K, used 34535K [0x0000000601000000, 0x0000000800000000)
  region size 4096K, 2 young (8192K), 2 survivors (8192K)
 Metaspace       used 77893K, committed 78400K, reserved 1122304K
  class space    used 10298K, committed 10560K, reserved 1048576K
}
Event: 17.368 GC heap before
{Heap before GC invocations=26 (full 1):
 garbage-first heap   total 110592K, used 79591K [0x0000000601000000, 0x0000000800000000)
  region size 4096K, 13 young (53248K), 2 survivors (8192K)
 Metaspace       used 80735K, committed 81280K, reserved 1122304K
  class space    used 10657K, committed 10944K, reserved 1048576K
}
Event: 17.371 GC heap after
{Heap after GC invocations=27 (full 1):
 garbage-first heap   total 110592K, used 37612K [0x0000000601000000, 0x0000000800000000)
  region size 4096K, 2 young (8192K), 2 survivors (8192K)
 Metaspace       used 80735K, committed 81280K, reserved 1122304K
  class space    used 10657K, committed 10944K, reserved 1048576K
}
Event: 226.288 GC heap before
{Heap before GC invocations=27 (full 1):
 garbage-first heap   total 110592K, used 66284K [0x0000000601000000, 0x0000000800000000)
  region size 4096K, 10 young (40960K), 2 survivors (8192K)
 Metaspace       used 80788K, committed 81344K, reserved 1122304K
  class space    used 10662K, committed 10944K, reserved 1048576K
}
Event: 226.342 GC heap after
{Heap after GC invocations=28 (full 2):
 garbage-first heap   total 110592K, used 32262K [0x0000000601000000, 0x0000000800000000)
  region size 4096K, 0 young (0K), 0 survivors (0K)
 Metaspace       used 80782K, committed 81344K, reserved 1122304K
  class space    used 10661K, committed 10944K, reserved 1048576K
}
Event: 226.797 GC heap before
{Heap before GC invocations=28 (full 2):
 garbage-first heap   total 110592K, used 81414K [0x0000000601000000, 0x0000000800000000)
  region size 4096K, 12 young (49152K), 0 survivors (0K)
 Metaspace       used 80951K, committed 81472K, reserved 1122304K
  class space    used 10684K, committed 10944K, reserved 1048576K
}
Event: 226.799 GC heap after
{Heap after GC invocations=29 (full 2):
 garbage-first heap   total 110592K, used 35817K [0x0000000601000000, 0x0000000800000000)
  region size 4096K, 1 young (4096K), 1 survivors (4096K)
 Metaspace       used 80951K, committed 81472K, reserved 1122304K
  class space    used 10684K, committed 10944K, reserved 1048576K
}
Event: 226.973 GC heap before
{Heap before GC invocations=29 (full 2):
 garbage-first heap   total 110592K, used 80873K [0x0000000601000000, 0x0000000800000000)
  region size 4096K, 12 young (49152K), 1 survivors (4096K)
 Metaspace       used 81204K, committed 81792K, reserved 1122304K
  class space    used 10702K, committed 11008K, reserved 1048576K
}
Event: 226.975 GC heap after
{Heap after GC invocations=30 (full 2):
 garbage-first heap   total 110592K, used 37438K [0x0000000601000000, 0x0000000800000000)
  region size 4096K, 2 young (8192K), 2 survivors (8192K)
 Metaspace       used 81204K, committed 81792K, reserved 1122304K
  class space    used 10702K, committed 11008K, reserved 1048576K
}
Event: 328.882 GC heap before
{Heap before GC invocations=30 (full 2):
 garbage-first heap   total 110592K, used 74302K [0x0000000601000000, 0x0000000800000000)
  region size 4096K, 12 young (49152K), 2 survivors (8192K)
 Metaspace       used 81323K, committed 81920K, reserved 1122304K
  class space    used 10718K, committed 11008K, reserved 1048576K
}
Event: 328.941 GC heap after
{Heap after GC invocations=31 (full 3):
 garbage-first heap   total 110592K, used 31236K [0x0000000601000000, 0x0000000800000000)
  region size 4096K, 0 young (0K), 0 survivors (0K)
 Metaspace       used 81202K, committed 81920K, reserved 1122304K
  class space    used 10691K, committed 11008K, reserved 1048576K
}
Event: 329.412 GC heap before
{Heap before GC invocations=31 (full 3):
 garbage-first heap   total 110592K, used 80388K [0x0000000601000000, 0x0000000800000000)
  region size 4096K, 12 young (49152K), 0 survivors (0K)
 Metaspace       used 81381K, committed 81920K, reserved 1122304K
  class space    used 10716K, committed 11008K, reserved 1048576K
}
Event: 329.414 GC heap after
{Heap after GC invocations=32 (full 3):
 garbage-first heap   total 110592K, used 34816K [0x0000000601000000, 0x0000000800000000)
  region size 4096K, 1 young (4096K), 1 survivors (4096K)
 Metaspace       used 81381K, committed 81920K, reserved 1122304K
  class space    used 10716K, committed 11008K, reserved 1048576K
}
Event: 329.618 GC heap before
{Heap before GC invocations=32 (full 3):
 garbage-first heap   total 110592K, used 79872K [0x0000000601000000, 0x0000000800000000)
  region size 4096K, 12 young (49152K), 1 survivors (4096K)
 Metaspace       used 81641K, committed 82240K, reserved 1122304K
  class space    used 10736K, committed 11008K, reserved 1048576K
}
Event: 329.619 GC heap after
{Heap after GC invocations=33 (full 3):
 garbage-first heap   total 110592K, used 36428K [0x0000000601000000, 0x0000000800000000)
  region size 4096K, 2 young (8192K), 2 survivors (8192K)
 Metaspace       used 81641K, committed 82240K, reserved 1122304K
  class space    used 10736K, committed 11008K, reserved 1048576K
}

